2023-02-19T10:36:56.302875Z TRACE ThreadId(01) version: 0.10.0-a16
2023-02-19T10:36:56.302974Z TRACE ThreadId(01) platform: windows
2023-02-19T10:36:56.303775Z TRACE ThreadId(01) checking for version macro in "addons/main/script_version.hpp"
2023-02-19T10:36:56.304320Z  INFO ThreadId(01) Config loaded for 87th Legion Aux Mod 1.0.0.1
2023-02-19T10:36:56.304375Z TRACE ThreadId(01) using temporary folder: "C:\\Users\\Logan\\AppData\\Local\\Temp\\hemtt\\CBA Projects_@Stim\'s 87th Legion Armory"
2023-02-19T10:36:56.304397Z TRACE ThreadId(01) using project folder: "P:\\CBA Projects\\@Stim\'s 87th Legion Armory"
2023-02-19T10:36:56.304411Z TRACE ThreadId(01) using out folder: "P:\\CBA Projects\\@Stim\'s 87th Legion Armory\\.hemttout"
2023-02-19T10:36:56.304686Z TRACE ThreadId(01) using build folder: "P:\\CBA Projects\\@Stim\'s 87th Legion Armory\\.hemttout\\build"
2023-02-19T10:36:56.304895Z TRACE ThreadId(01) vfs overlay at root: "C:\\Users\\Logan\\AppData\\Local\\Temp\\hemtt\\CBA Projects_@Stim\'s 87th Legion Armory\\output"
2023-02-19T10:36:56.304912Z TRACE ThreadId(01) vfs root: "P:\\CBA Projects\\@Stim\'s 87th Legion Armory"
2023-02-19T10:36:56.305499Z  INFO ThreadId(01) Creating `build` version
2023-02-19T10:36:56.305519Z TRACE ThreadId(01) phase: init (start)
2023-02-19T10:36:56.316144Z TRACE ThreadId(01) link "C:\\Users\\Logan\\AppData\\Local\\Temp\\hemtt\\CBA Projects_@Stim's 87th Legion Armory\\source\\x\\87th\\addons\\main" => "P:\\CBA Projects\\@Stim's 87th Legion Armory\\addons\\main"
2023-02-19T10:36:56.439062Z TRACE ThreadId(01) link "C:\\Users\\Logan\\AppData\\Local\\Temp\\hemtt\\CBA Projects_@Stim's 87th Legion Armory\\source\\x\\87th\\addons\\troopers" => "P:\\CBA Projects\\@Stim's 87th Legion Armory\\addons\\troopers"
2023-02-19T10:36:56.563777Z TRACE ThreadId(01) link "C:\\Users\\Logan\\AppData\\Local\\Temp\\hemtt\\CBA Projects_@Stim's 87th Legion Armory\\source\\x\\cba" => "P:\\CBA Projects\\@Stim's 87th Legion Armory\\include\\x\\cba"
2023-02-19T10:36:56.690561Z TRACE ThreadId(01) phase: init (sqf) (start)
2023-02-19T10:36:56.690580Z TRACE ThreadId(01) phase: init (sqf) (done)
2023-02-19T10:36:56.690588Z TRACE ThreadId(01) phase: init (Rapifier) (start)
2023-02-19T10:36:56.690592Z TRACE ThreadId(01) phase: init (Rapifier) (done)
2023-02-19T10:36:56.690596Z TRACE ThreadId(01) phase: init (Binarize) (start)
2023-02-19T10:36:56.690732Z TRACE ThreadId(01) phase: init (Binarize) (done)
2023-02-19T10:36:56.690743Z TRACE ThreadId(01) phase: init (Hooks) (start)
2023-02-19T10:36:56.690781Z TRACE ThreadId(01) no hooks folder
2023-02-19T10:36:56.690787Z TRACE ThreadId(01) phase: init (Hooks) (done)
2023-02-19T10:36:56.690791Z TRACE ThreadId(01) phase: init (ArmaScriptCompiler) (start)
2023-02-19T10:36:56.690796Z TRACE ThreadId(01) using asc folder at "C:\\Users\\Logan\\AppData\\Local\\Temp\\hemtt\\CBA Projects_@Stim\'s 87th Legion Armory\\asc"
2023-02-19T10:36:56.691101Z TRACE ThreadId(01) phase: init (ArmaScriptCompiler) (done)
2023-02-19T10:36:56.691114Z TRACE ThreadId(01) phase: init (Files) (start)
2023-02-19T10:36:56.691119Z TRACE ThreadId(01) phase: init (Files) (done)
2023-02-19T10:36:56.691124Z TRACE ThreadId(01) phase: init (done)
2023-02-19T10:36:56.691130Z TRACE ThreadId(01) phase: check (start)
2023-02-19T10:36:56.691134Z TRACE ThreadId(01) phase: check (sqf) (start)
2023-02-19T10:36:56.691140Z TRACE ThreadId(01) phase: check (sqf) (done)
2023-02-19T10:36:56.691144Z TRACE ThreadId(01) phase: check (Rapifier) (start)
2023-02-19T10:36:56.691148Z TRACE ThreadId(01) phase: check (Rapifier) (done)
2023-02-19T10:36:56.691152Z TRACE ThreadId(01) phase: check (Binarize) (start)
2023-02-19T10:36:56.691156Z TRACE ThreadId(01) phase: check (Binarize) (done)
2023-02-19T10:36:56.691160Z TRACE ThreadId(01) phase: check (Hooks) (start)
2023-02-19T10:36:56.691164Z TRACE ThreadId(01) phase: check (Hooks) (done)
2023-02-19T10:36:56.691167Z TRACE ThreadId(01) phase: check (ArmaScriptCompiler) (start)
2023-02-19T10:36:56.691171Z TRACE ThreadId(01) phase: check (ArmaScriptCompiler) (done)
2023-02-19T10:36:56.691175Z TRACE ThreadId(01) phase: check (Files) (start)
2023-02-19T10:36:56.691212Z TRACE ThreadId(01) phase: check (Files) (done)
2023-02-19T10:36:56.691219Z TRACE ThreadId(01) phase: check (done)
2023-02-19T10:36:56.691225Z TRACE ThreadId(01) phase: pre_build (start)
2023-02-19T10:36:56.691230Z TRACE ThreadId(01) phase: pre_build (sqf) (start)
2023-02-19T10:36:56.691234Z TRACE ThreadId(01) phase: pre_build (sqf) (done)
2023-02-19T10:36:56.691238Z TRACE ThreadId(01) phase: pre_build (Rapifier) (start)
2023-02-19T10:36:56.694250Z DEBUG ThreadId(02) rapifying /addons/troopers/config.cpp
2023-02-19T10:36:56.695046Z DEBUG ThreadId(04) rapifying /addons/main/config.cpp
2023-02-19T10:36:57.363191Z  INFO ThreadId(01) Rapified 2 addon configs
2023-02-19T10:36:57.363220Z TRACE ThreadId(01) phase: pre_build (Rapifier) (done)
2023-02-19T10:36:57.363226Z TRACE ThreadId(01) phase: pre_build (Binarize) (start)
2023-02-19T10:36:57.380755Z  INFO ThreadId(01) Binarized 0 files
2023-02-19T10:36:57.380776Z TRACE ThreadId(01) phase: pre_build (Binarize) (done)
2023-02-19T10:36:57.380782Z TRACE ThreadId(01) phase: pre_build (Hooks) (start)
2023-02-19T10:36:57.380794Z TRACE ThreadId(01) phase: pre_build (Hooks) (done)
2023-02-19T10:36:57.380799Z TRACE ThreadId(01) phase: pre_build (ArmaScriptCompiler) (start)
2023-02-19T10:36:57.380808Z TRACE ThreadId(01) unpacking "asc.exe" to "C:\\Users\\Logan\\AppData\\Local\\Temp\\hemtt\\CBA Projects_@Stim\'s 87th Legion Armory\\asc\\asc.exe"
2023-02-19T10:36:57.642114Z DEBUG ThreadId(01) ASC Preprocess took 255
2023-02-19T10:36:57.724308Z DEBUG ThreadId(01) ASC took 81
2023-02-19T10:36:57.726264Z  INFO ThreadId(01) Compiled 3 sqf files
2023-02-19T10:36:57.726363Z TRACE ThreadId(01) phase: pre_build (ArmaScriptCompiler) (done)
2023-02-19T10:36:57.726371Z TRACE ThreadId(01) phase: pre_build (Files) (start)
2023-02-19T10:36:57.726376Z TRACE ThreadId(01) phase: pre_build (Files) (done)
2023-02-19T10:36:57.726381Z TRACE ThreadId(01) phase: pre_build (done)
2023-02-19T10:36:57.726385Z TRACE ThreadId(01) phase: build (start)
2023-02-19T10:36:57.726648Z DEBUG ThreadId(04) building "addons/troopers" => "P:\\CBA Projects\\@Stim\'s 87th Legion Armory\\.hemttout\\build\\addons\\87th_troopers.pbo"
2023-02-19T10:36:57.726683Z DEBUG ThreadId(02) building "addons/main" => "P:\\CBA Projects\\@Stim\'s 87th Legion Armory\\.hemttout\\build\\addons\\87th_main.pbo"
2023-02-19T10:36:57.726898Z TRACE ThreadId(02) adding file "config.bin"
2023-02-19T10:36:57.727149Z TRACE ThreadId(02) adding file "CfgEventHandlers.hpp"
2023-02-19T10:36:57.727558Z TRACE ThreadId(04) adding file "CfgFactionClasses.hpp"
2023-02-19T10:36:57.727876Z TRACE ThreadId(04) adding file "XEH_postInit.sqf"
2023-02-19T10:36:57.728198Z TRACE ThreadId(02) adding file "script_component.hpp"
2023-02-19T10:36:57.728224Z TRACE ThreadId(04) adding file "script_component.hpp"
2023-02-19T10:36:57.728521Z TRACE ThreadId(02) adding file "script_mod.hpp"
2023-02-19T10:36:57.728554Z TRACE ThreadId(04) adding file "config.bin"
2023-02-19T10:36:57.728772Z TRACE ThreadId(04) adding file "XEH_PREP.hpp"
2023-02-19T10:36:57.728823Z TRACE ThreadId(02) adding file "script_version.hpp"
2023-02-19T10:36:57.729075Z TRACE ThreadId(04) adding file "CfgEventHandlers.hpp"
2023-02-19T10:36:57.729392Z TRACE ThreadId(04) adding file "CfgEditorSubcategories.hpp"
2023-02-19T10:36:57.729891Z TRACE ThreadId(04) adding file "XEH_preStart.sqf"
2023-02-19T10:36:57.730200Z TRACE ThreadId(04) adding file "CfgVehicles.hpp"
2023-02-19T10:36:57.730505Z TRACE ThreadId(04) adding file "XEH_preInit.sqf"
2023-02-19T10:36:57.730789Z TRACE ThreadId(04) adding file "CfgWeapons.hpp"
2023-02-19T10:36:57.730894Z TRACE ThreadId(04) adding file "XEH_preInit.sqfc"
2023-02-19T10:36:57.730911Z TRACE ThreadId(04) adding file "XEH_preStart.sqfc"
2023-02-19T10:36:57.731074Z TRACE ThreadId(04) adding file "functions\\fnc_setIdentity.sqfc"
2023-02-19T10:36:57.731293Z TRACE ThreadId(04) adding file "functions\\script_component.hpp"
2023-02-19T10:36:57.731605Z TRACE ThreadId(04) adding file "functions\\fnc_setIdentity.sqf"
2023-02-19T10:36:57.732975Z TRACE ThreadId(04) adding file "data\\armor\\87th_Tasty_Helmet_co.paa"
2023-02-19T10:36:57.733395Z TRACE ThreadId(04) adding file "data\\armor\\87th_Raven_Helmet_co.paa"
2023-02-19T10:36:57.733767Z TRACE ThreadId(04) adding file "data\\armor\\87th_Commander_Helmet_co.paa"
2023-02-19T10:36:57.734082Z TRACE ThreadId(04) adding file "data\\armor\\87th_Chest_co.paa"
2023-02-19T10:36:57.734408Z TRACE ThreadId(04) adding file "data\\armor\\87th_BARC_Helmet_co.paa"
2023-02-19T10:36:57.734714Z TRACE ThreadId(04) adding file "data\\armor\\87th_Pilot_Helmet_co.paa"
2023-02-19T10:36:57.735015Z TRACE ThreadId(04) adding file "data\\armor\\87th_Legs_co.paa"
2023-02-19T10:36:57.735337Z TRACE ThreadId(04) adding file "data\\armor\\87th_Trooper_Helmet_co.paa"
2023-02-19T10:36:57.735647Z TRACE ThreadId(04) adding file "data\\armor\\87th_ARF_Helmet_co.paa"
2023-02-19T10:36:57.736732Z TRACE ThreadId(04) adding file "data\\ui\\editorPreviews\\87th_Clone_AR.jpg"
2023-02-19T10:36:57.737056Z TRACE ThreadId(04) adding file "data\\ui\\editorPreviews\\87th_ARF_DC15S.jpg"
2023-02-19T10:36:57.737377Z TRACE ThreadId(04) adding file "data\\ui\\editorPreviews\\87th_Clone_RTO.jpg"
2023-02-19T10:36:57.737681Z TRACE ThreadId(04) adding file "data\\ui\\editorPreviews\\87th_Clone_Sharpshooter.jpg"
2023-02-19T10:36:57.737989Z TRACE ThreadId(04) adding file "data\\ui\\editorPreviews\\87th_Clone_AT.jpg"
2023-02-19T10:36:57.738291Z TRACE ThreadId(04) adding file "data\\ui\\editorPreviews\\87th_BARC_Captain.jpg"
2023-02-19T10:36:57.738612Z TRACE ThreadId(04) adding file "data\\ui\\editorPreviews\\87th_Clone_DC15A.jpg"
2023-02-19T10:36:57.738910Z TRACE ThreadId(04) adding file "data\\ui\\editorPreviews\\87th_BARC_Sniper.jpg"
2023-02-19T10:36:57.739230Z TRACE ThreadId(04) adding file "data\\ui\\editorPreviews\\87th_Clone_Corporal.jpg"
2023-02-19T10:36:57.739546Z TRACE ThreadId(04) adding file "data\\ui\\editorPreviews\\87th_Clone_Major.jpg"
2023-02-19T10:36:57.739889Z TRACE ThreadId(04) adding file "data\\ui\\editorPreviews\\87th_ARF_JTAC.jpg"
2023-02-19T10:36:57.740189Z TRACE ThreadId(04) adding file "data\\ui\\editorPreviews\\87th_BARC_CLS.jpg"
2023-02-19T10:36:57.740525Z TRACE ThreadId(04) adding file "data\\ui\\editorPreviews\\87th_ARF_Sniper.jpg"
2023-02-19T10:36:57.740834Z TRACE ThreadId(04) adding file "data\\ui\\editorPreviews\\87th_BARC_Major.jpg"
2023-02-19T10:36:57.741141Z TRACE ThreadId(04) adding file "data\\ui\\editorPreviews\\87th_ARF_CLS.jpg"
2023-02-19T10:36:57.741456Z TRACE ThreadId(04) adding file "data\\ui\\editorPreviews\\87th_ARF_NCO.jpg"
2023-02-19T10:36:57.741759Z TRACE ThreadId(04) adding file "data\\ui\\editorPreviews\\87th_BARC_JTAC.jpg"
2023-02-19T10:36:57.742062Z TRACE ThreadId(04) adding file "data\\ui\\editorPreviews\\87th_Clone_Commander.jpg"
2023-02-19T10:36:57.742379Z TRACE ThreadId(04) adding file "data\\ui\\editorPreviews\\87th_Clone_Lieutenant.jpg"
2023-02-19T10:36:57.742685Z TRACE ThreadId(04) adding file "data\\ui\\editorPreviews\\87th_ARF_Lieutenant.jpg"
2023-02-19T10:36:57.742983Z TRACE ThreadId(04) adding file "data\\ui\\editorPreviews\\87th_BARC_DC15S.jpg"
2023-02-19T10:36:57.743279Z TRACE ThreadId(04) adding file "data\\ui\\editorPreviews\\87th_Clone_DP23.jpg"
2023-02-19T10:36:57.743609Z TRACE ThreadId(04) adding file "data\\ui\\editorPreviews\\87th_Clone_Sergeant.jpg"
2023-02-19T10:36:57.743924Z TRACE ThreadId(04) adding file "data\\ui\\editorPreviews\\87th_ARF_Captain.jpg"
2023-02-19T10:36:57.744228Z TRACE ThreadId(04) adding file "data\\ui\\editorPreviews\\87th_BARC_Lieutenant.jpg"
2023-02-19T10:36:57.744541Z TRACE ThreadId(04) adding file "data\\ui\\editorPreviews\\87th_ARF_Spotter.jpg"
2023-02-19T10:36:57.744840Z TRACE ThreadId(04) adding file "data\\ui\\editorPreviews\\87th_BARC_Spotter.jpg"
2023-02-19T10:36:57.745136Z TRACE ThreadId(04) adding file "data\\ui\\editorPreviews\\87th_Clone_DC15S.jpg"
2023-02-19T10:36:57.745476Z TRACE ThreadId(04) adding file "data\\ui\\editorPreviews\\87th_Clone_SergeantMajor.jpg"
2023-02-19T10:36:57.745779Z TRACE ThreadId(04) adding file "data\\ui\\editorPreviews\\87th_Clone_Captain.jpg"
2023-02-19T10:36:57.746089Z TRACE ThreadId(04) adding file "data\\ui\\editorPreviews\\87th_Clone_Marksman.jpg"
2023-02-19T10:36:57.746409Z TRACE ThreadId(04) adding file "data\\ui\\editorPreviews\\87th_BARC_NCO.jpg"
2023-02-19T10:36:57.746726Z TRACE ThreadId(04) adding file "data\\ui\\editorPreviews\\87th_Clone_DC15AUGL.jpg"
2023-02-19T10:36:57.747045Z TRACE ThreadId(04) adding file "data\\ui\\editorPreviews\\87th_ARF_Major.jpg"
2023-02-19T10:36:57.747358Z TRACE ThreadId(04) adding file "data\\ui\\editorPreviews\\87th_Clone_EOD.jpg"
2023-02-19T10:36:57.747659Z TRACE ThreadId(04) adding file "data\\ui\\editorPreviews\\87th_Clone_Jumper.jpg"
2023-02-19T10:36:57.747956Z TRACE ThreadId(04) adding file "data\\ui\\editorPreviews\\87th_Clone_Medic.jpg"
2023-02-19T10:36:57.748520Z TRACE ThreadId(04) adding file "data\\accessories\\87th_Medic_Backpack_co.paa"
2023-02-19T10:36:57.748822Z TRACE ThreadId(04) adding file "data\\accessories\\87th_Backpack_co.paa"
2023-02-19T10:36:57.749147Z TRACE ThreadId(04) adding file "data\\accessories\\87th_NVG_co.paa"
2023-02-19T10:36:57.749476Z TRACE ThreadId(04) adding file "data\\accessories\\87th_Officer_Attachments_co.paa"
2023-02-19T10:36:57.749784Z TRACE ThreadId(04) adding file "data\\accessories\\RTO_Screen_co.paa"
2023-02-19T10:36:57.905420Z  INFO ThreadId(01) Built 2 PBOs
2023-02-19T10:36:57.905438Z TRACE ThreadId(01) phase: build (done)
2023-02-19T10:36:57.905444Z TRACE ThreadId(01) phase: post_build (start)
2023-02-19T10:36:57.905449Z TRACE ThreadId(01) phase: post_build (sqf) (start)
2023-02-19T10:36:57.905453Z TRACE ThreadId(01) phase: post_build (sqf) (done)
2023-02-19T10:36:57.905458Z TRACE ThreadId(01) phase: post_build (Rapifier) (start)
2023-02-19T10:36:57.905462Z TRACE ThreadId(01) phase: post_build (Rapifier) (done)
2023-02-19T10:36:57.905466Z TRACE ThreadId(01) phase: post_build (Binarize) (start)
2023-02-19T10:36:57.905470Z TRACE ThreadId(01) phase: post_build (Binarize) (done)
2023-02-19T10:36:57.905473Z TRACE ThreadId(01) phase: post_build (Hooks) (start)
2023-02-19T10:36:57.905478Z TRACE ThreadId(01) phase: post_build (Hooks) (done)
2023-02-19T10:36:57.905482Z TRACE ThreadId(01) phase: post_build (ArmaScriptCompiler) (start)
2023-02-19T10:36:57.905485Z TRACE ThreadId(01) phase: post_build (ArmaScriptCompiler) (done)
2023-02-19T10:36:57.905489Z TRACE ThreadId(01) phase: post_build (Files) (start)
2023-02-19T10:36:59.093782Z DEBUG ThreadId(01) copying "/mod.cpp" => "P:\\CBA Projects\\@Stim\'s 87th Legion Armory\\.hemttout\\build\\mod.cpp"
2023-02-19T10:36:59.242631Z  INFO ThreadId(01) Copied 1 files
2023-02-19T10:36:59.242648Z TRACE ThreadId(01) phase: post_build (Files) (done)
2023-02-19T10:36:59.242654Z TRACE ThreadId(01) phase: post_build (done)
